d:\b站鹏c 程序\第一个程序\第一个程序\debug\hello.obj
d:\b站鹏c 程序\第一个程序\第一个程序\debug\vc100.pdb
d:\b站鹏c 程序\第一个程序\debug\第一章 5.22.ilk
d:\b站鹏c 程序\第一个程序\debug\第一章 5.22.exe
d:\b站鹏c 程序\第一个程序\第一个程序\debug\第一章 5.22.exe.intermediate.manifest
d:\b站鹏c 程序\第一个程序\debug\第一章 5.22.pdb
d:\b站鹏c 程序\第一个程序\debug\第一个程序.exe
d:\b站鹏c 程序\第一个程序\第一个程序\debug\vc120.pdb
d:\b站鹏c 程序\第一个程序\第一个程序\debug\vc120.idb
d:\b站鹏c 程序\第一个程序\第一个程序\debug\第一个程序.vcxprojresolveassemblyreference.cache
d:\b站鹏c 程序\第一个程序\第一个程序\debug\cl.command.1.tlog
d:\b站鹏c 程序\第一个程序\第一个程序\debug\cl.read.1.tlog
d:\b站鹏c 程序\第一个程序\第一个程序\debug\cl.write.1.tlog
d:\b站鹏c 程序\第一个程序\第一个程序\debug\link.command.1.tlog
d:\b站鹏c 程序\第一个程序\第一个程序\debug\link.read.1.tlog
d:\b站鹏c 程序\第一个程序\第一个程序\debug\link.write.1.tlog
d:\b站鹏c 程序\第一个程序\第一个程序\debug\mt.command.1.tlog
d:\b站鹏c 程序\第一个程序\第一个程序\debug\mt.read.1.tlog
d:\b站鹏c 程序\第一个程序\第一个程序\debug\mt.write.1.tlog
d:\b站鹏c 程序\第一个程序\第一个程序\debug\第一个程序.write.1.tlog
d:\b站鹏c 程序\第一个程序\第一个程序\debug\第一章 5.22.write.1.tlog
d:\b站鹏c 程序\第一个程序\第一个程序\debug\第一个程序.exe.intermediate.manifest
d:\b站鹏c 程序\第一个程序\第一个程序\debug\vc100.idb
d:\b站鹏c 程序\第一个程序\第一个程序\debug\第一章 5.22.tlog\cl.command.1.tlog
d:\b站鹏c 程序\第一个程序\第一个程序\debug\第一章 5.22.tlog\cl.read.1.tlog
d:\b站鹏c 程序\第一个程序\第一个程序\debug\第一章 5.22.tlog\cl.write.1.tlog
d:\b站鹏c 程序\第一个程序\第一个程序\debug\第一章 5.22.tlog\link-cvtres.read.1.tlog
d:\b站鹏c 程序\第一个程序\第一个程序\debug\第一章 5.22.tlog\link-cvtres.write.1.tlog
d:\b站鹏c 程序\第一个程序\第一个程序\debug\第一章 5.22.tlog\link-rc.read.1.tlog
d:\b站鹏c 程序\第一个程序\第一个程序\debug\第一章 5.22.tlog\link-rc.write.1.tlog
d:\b站鹏c 程序\第一个程序\第一个程序\debug\第一章 5.22.tlog\link.command.1.tlog
d:\b站鹏c 程序\第一个程序\第一个程序\debug\第一章 5.22.tlog\link.read.1.tlog
d:\b站鹏c 程序\第一个程序\第一个程序\debug\第一章 5.22.tlog\link.write.1.tlog
